<?xml version="1.0" encoding="UTF-8"?>
<testng-results skipped="0" failed="0" ignored="0" total="3" passed="3">
  <reporter-output>
  </reporter-output>
  <suite name="Suite" duration-ms="4135" started-at="2021-03-26T22:53:18 IST" finished-at="2021-03-26T22:53:23 IST">
    <groups>
    </groups>
    <test name="Test" duration-ms="4135" started-at="2021-03-26T22:53:18 IST" finished-at="2021-03-26T22:53:23 IST">
      <class name="Sample.sample.AppTest">
        <test-method status="PASS" signature="testApp()[pri:0, instance:Sample.sample.AppTest@59e5ddf]" name="testApp" duration-ms="13" started-at="2021-03-26T22:53:19 IST" finished-at="2021-03-26T22:53:19 IST">
          <reporter-output>
          </reporter-output>
        </test-method> <!-- testApp -->
      </class> <!-- Sample.sample.AppTest -->
      <class name="Sample.sample.AppDne">
        <test-method status="PASS" signature="chromeTest()[pri:0, instance:Sample.sample.AppDne@536aaa8d]" name="chromeTest" duration-ms="4077" started-at="2021-03-26T22:53:19 IST" finished-at="2021-03-26T22:53:23 IST">
          <reporter-output>
          </reporter-output>
        </test-method> <!-- chromeTest -->
        <test-method status="PASS" signature="testApp()[pri:0, instance:Sample.sample.AppDne@536aaa8d]" name="testApp" duration-ms="2" started-at="2021-03-26T22:53:23 IST" finished-at="2021-03-26T22:53:23 IST">
          <reporter-output>
          </reporter-output>
        </test-method> <!-- testApp -->
      </class> <!-- Sample.sample.AppDne -->
    </test> <!-- Test -->
  </suite> <!-- Suite -->
</testng-results>
