<?xml version="1.0" encoding="UTF-8"?>
<testng-results skipped="0" failed="0" ignored="0" total="1" passed="1">
  <reporter-output>
  </reporter-output>
  <suite name="Default suite" duration-ms="40" started-at="2021-03-26T20:02:15 IST" finished-at="2021-03-26T20:02:15 IST">
    <groups>
    </groups>
    <test name="Default test" duration-ms="40" started-at="2021-03-26T20:02:15 IST" finished-at="2021-03-26T20:02:15 IST">
      <class name="Sample.sample.AppTest">
        <test-method status="PASS" signature="testApp()[pri:0, instance:Sample.sample.AppTest@3108bc]" name="testApp" duration-ms="9" started-at="2021-03-26T20:02:15 IST" finished-at="2021-03-26T20:02:15 IST">
          <reporter-output>
          </reporter-output>
        </test-method> <!-- testApp -->
      </class> <!-- Sample.sample.AppTest -->
    </test> <!-- Default test -->
  </suite> <!-- Default suite -->
</testng-results>
